Using pre-set license
Built from '2021.1/staging' branch; Version is '2021.1.7f1 (d91830b65d9b) revision 14227504'; Using compiler version '192528614'; Build Type 'Release'
OS: 'Windows 10 Pro; OS build 19044.2006; Version 2009; 64bit' Language: 'ko' Physical Memory: 16121 MB
BatchMode: 1, IsHumanControllingUs: 0, StartBugReporterOnCrash: 0, Is64bit: 1, IsPro: 0

 COMMAND LINE ARGUMENTS:
C:\Program Files\Unity\Hub\Editor\2021.1.7f1\Editor\Unity.exe
-adb2
-batchMode
-noUpm
-name
AssetImportWorker0
-projectPath
C:/Users/user/Documents/Class_platformer/calss_platformer
-logFile
Logs/AssetImportWorker0.log
-srvPort
50046
Successfully changed project path to: C:/Users/user/Documents/Class_platformer/calss_platformer
C:/Users/user/Documents/Class_platformer/calss_platformer
Using Asset Import Pipeline V2.
Refreshing native plugins compatible for Editor in 103.69 ms, found 2 plugins.
Preloading 0 native plugins for Editor in 0.00 ms.
Initialize engine version: 2021.1.7f1 (d91830b65d9b)
[Subsystems] Discovering subsystems at path C:/Program Files/Unity/Hub/Editor/2021.1.7f1/Editor/Data/Resources/UnitySubsystems
[Subsystems] Discovering subsystems at path C:/Users/user/Documents/Class_platformer/calss_platformer/Assets
GfxDevice: creating device client; threaded=0; jobified=0
Direct3D:
    Version:  Direct3D 11.0 [level 11.1]
    Renderer: NVIDIA GeForce RTX 3050 Ti Laptop GPU (ID=0x25a0)
    Vendor:   NVIDIA
    VRAM:     3990 MB
    Driver:   30.0.15.1215
Shader 'Universal Render Pipeline/Particles/Lit': fallback shader 'Universal Render Pipeline/Particles/SimpleLit' not found
Initialize mono
Mono path[0] = 'C:/Program Files/Unity/Hub/Editor/2021.1.7f1/Editor/Data/Managed'
Mono path[1] = 'C:/Program Files/Unity/Hub/Editor/2021.1.7f1/Editor/Data/MonoBleedingEdge/lib/mono/unityjit'
Mono config path = 'C:/Program Files/Unity/Hub/Editor/2021.1.7f1/Editor/Data/MonoBleedingEdge/etc'
Using monoOptions --debugger-agent=transport=dt_socket,embedding=1,server=y,suspend=n,address=127.0.0.1:56360
Begin MonoManager ReloadAssembly
Registering precompiled unity dll's ...
Register platform support module: C:/Program Files/Unity/Hub/Editor/2021.1.7f1/Editor/Data/PlaybackEngines/WindowsStandaloneSupport/UnityEditor.WindowsStandalone.Extensions.dll
Registered in 0.001570 seconds.
Native extension for WindowsStandalone target not found
Refreshing native plugins compatible for Editor in 138.82 ms, found 2 plugins.
Preloading 0 native plugins for Editor in 0.00 ms.
Mono: successfully reloaded assembly
- Completed reload, in  1.174 seconds
Platform modules already initialized, skipping
Registering precompiled user dll's ...
Registered in 0.002548 seconds.
Begin MonoManager ReloadAssembly
Symbol file LoadedFromMemory doesn't match image C:\Users\user\Documents\Class_platformer\calss_platformer\Library\PackageCache\com.unity.visualscripting@1.6.1\Editor\VisualScripting.Core\Dependencies\YamlDotNet\Unity.VisualScripting.YamlDotNet.dll
Symbol file LoadedFromMemory doesn't match image C:\Users\user\Documents\Class_platformer\calss_platformer\Library\PackageCache\com.unity.visualscripting@1.6.1\Editor\VisualScripting.Core\Dependencies\DotNetZip\Unity.VisualScripting.IonicZip.dll
Native extension for WindowsStandalone target not found
Refreshing native plugins compatible for Editor in 141.48 ms, found 2 plugins.
Preloading 0 native plugins for Editor in 0.00 ms.
Mono: successfully reloaded assembly
- Completed reload, in  1.292 seconds
Platform modules already initialized, skipping
========================================================================
Worker process is ready to serve import requests
Shader 'Universal Render Pipeline/Particles/Lit': fallback shader 'Universal Render Pipeline/Particles/SimpleLit' not found
Launched and connected shader compiler UnityShaderCompiler.exe after 0.05 seconds
Refreshing native plugins compatible for Editor in 1.20 ms, found 2 plugins.
Preloading 0 native plugins for Editor in 0.00 ms.
Unloading 4781 Unused Serialized files (Serialized files now loaded: 0)
System memory in use before: 181.8 MB.
System memory in use after: 181.8 MB.

Unloading 30 unused Assets to reduce memory usage. Loaded Objects now: 5235.
Total: 3.419700 ms (FindLiveObjects: 0.319400 ms CreateObjectMapping: 0.214600 ms MarkObjects: 2.710900 ms  DeleteObjects: 0.173200 ms)

========================================================================
Received Import Request.
  path: Assets/scriptes/GloabalType.cs
  artifactKey: Guid(769fef4bd3831e74dac2ce56c63f4b6b) Importer(815301076,1909f56bfc062723c751e8b465ee728b)
Start importing Assets/scriptes/GloabalType.cs using Guid(769fef4bd3831e74dac2ce56c63f4b6b) Importer(815301076,1909f56bfc062723c751e8b465ee728b)  -> (artifact id: 'd7754fddf8e6f4b67a8a6af9a3e0429b') in 0.033976 seconds 
========================================================================
Received Prepare
Registering precompiled user dll's ...
Registered in 0.004137 seconds.
Begin MonoManager ReloadAssembly
Symbol file LoadedFromMemory doesn't match image C:\Users\user\Documents\Class_platformer\calss_platformer\Library\PackageCache\com.unity.visualscripting@1.6.1\Editor\VisualScripting.Core\Dependencies\YamlDotNet\Unity.VisualScripting.YamlDotNet.dll
Symbol file LoadedFromMemory doesn't match image C:\Users\user\Documents\Class_platformer\calss_platformer\Library\PackageCache\com.unity.visualscripting@1.6.1\Editor\VisualScripting.Core\Dependencies\DotNetZip\Unity.VisualScripting.IonicZip.dll
Native extension for WindowsStandalone target not found
Refreshing native plugins compatible for Editor in 0.73 ms, found 2 plugins.
Preloading 0 native plugins for Editor in 0.00 ms.
Mono: successfully reloaded assembly
- Completed reload, in  0.881 seconds
Platform modules already initialized, skipping
Shader 'Universal Render Pipeline/Particles/Lit': fallback shader 'Universal Render Pipeline/Particles/SimpleLit' not found
Refreshing native plugins compatible for Editor in 0.82 ms, found 2 plugins.
Preloading 0 native plugins for Editor in 0.00 ms.
Unloading 4716 Unused Serialized files (Serialized files now loaded: 0)
System memory in use before: 176.4 MB.
System memory in use after: 176.5 MB.

Unloading 16 unused Assets to reduce memory usage. Loaded Objects now: 5239.
Total: 3.189600 ms (FindLiveObjects: 0.283100 ms CreateObjectMapping: 0.142700 ms MarkObjects: 2.655300 ms  DeleteObjects: 0.107300 ms)

========================================================================
Received Prepare
Registering precompiled user dll's ...
Registered in 0.002696 seconds.
Begin MonoManager ReloadAssembly
Symbol file LoadedFromMemory doesn't match image C:\Users\user\Documents\Class_platformer\calss_platformer\Library\PackageCache\com.unity.visualscripting@1.6.1\Editor\VisualScripting.Core\Dependencies\YamlDotNet\Unity.VisualScripting.YamlDotNet.dll
Symbol file LoadedFromMemory doesn't match image C:\Users\user\Documents\Class_platformer\calss_platformer\Library\PackageCache\com.unity.visualscripting@1.6.1\Editor\VisualScripting.Core\Dependencies\DotNetZip\Unity.VisualScripting.IonicZip.dll
Native extension for WindowsStandalone target not found
Refreshing native plugins compatible for Editor in 0.77 ms, found 2 plugins.
Preloading 0 native plugins for Editor in 0.00 ms.
Mono: successfully reloaded assembly
- Completed reload, in  0.886 seconds
Platform modules already initialized, skipping
Shader 'Universal Render Pipeline/Particles/Lit': fallback shader 'Universal Render Pipeline/Particles/SimpleLit' not found
Refreshing native plugins compatible for Editor in 0.91 ms, found 2 plugins.
Preloading 0 native plugins for Editor in 0.00 ms.
Unloading 4716 Unused Serialized files (Serialized files now loaded: 0)
System memory in use before: 176.5 MB.
System memory in use after: 176.6 MB.

Unloading 16 unused Assets to reduce memory usage. Loaded Objects now: 5243.
Total: 2.878100 ms (FindLiveObjects: 0.266200 ms CreateObjectMapping: 0.111800 ms MarkObjects: 2.361600 ms  DeleteObjects: 0.137200 ms)

========================================================================
Received Import Request.
  Time since last request: 296.988014 seconds.
  path: Assets/scriptes/GloabalType.cs
  artifactKey: Guid(769fef4bd3831e74dac2ce56c63f4b6b) Importer(815301076,1909f56bfc062723c751e8b465ee728b)
Start importing Assets/scriptes/GloabalType.cs using Guid(769fef4bd3831e74dac2ce56c63f4b6b) Importer(815301076,1909f56bfc062723c751e8b465ee728b)  -> (artifact id: 'cee8bccb2715fe9770ef01a15c45d6f3') in 0.006726 seconds 
========================================================================
Received Prepare
Registering precompiled user dll's ...
Registered in 0.002812 seconds.
Begin MonoManager ReloadAssembly
Symbol file LoadedFromMemory doesn't match image C:\Users\user\Documents\Class_platformer\calss_platformer\Library\PackageCache\com.unity.visualscripting@1.6.1\Editor\VisualScripting.Core\Dependencies\YamlDotNet\Unity.VisualScripting.YamlDotNet.dll
Symbol file LoadedFromMemory doesn't match image C:\Users\user\Documents\Class_platformer\calss_platformer\Library\PackageCache\com.unity.visualscripting@1.6.1\Editor\VisualScripting.Core\Dependencies\DotNetZip\Unity.VisualScripting.IonicZip.dll
Native extension for WindowsStandalone target not found
Refreshing native plugins compatible for Editor in 0.98 ms, found 2 plugins.
Preloading 0 native plugins for Editor in 0.00 ms.
Mono: successfully reloaded assembly
- Completed reload, in  0.968 seconds
Platform modules already initialized, skipping
Shader 'Universal Render Pipeline/Particles/Lit': fallback shader 'Universal Render Pipeline/Particles/SimpleLit' not found
Refreshing native plugins compatible for Editor in 0.76 ms, found 2 plugins.
Preloading 0 native plugins for Editor in 0.00 ms.
Unloading 4716 Unused Serialized files (Serialized files now loaded: 0)
System memory in use before: 176.6 MB.
System memory in use after: 176.7 MB.

Unloading 16 unused Assets to reduce memory usage. Loaded Objects now: 5247.
Total: 2.690400 ms (FindLiveObjects: 0.300100 ms CreateObjectMapping: 0.117200 ms MarkObjects: 2.156000 ms  DeleteObjects: 0.115800 ms)

========================================================================
Received Import Request.
  Time since last request: 39.302740 seconds.
  path: Assets/scriptes/GloabalType.cs
  artifactKey: Guid(769fef4bd3831e74dac2ce56c63f4b6b) Importer(815301076,1909f56bfc062723c751e8b465ee728b)
Start importing Assets/scriptes/GloabalType.cs using Guid(769fef4bd3831e74dac2ce56c63f4b6b) Importer(815301076,1909f56bfc062723c751e8b465ee728b)  -> (artifact id: '10d31d823d90dc6b4d8d3ef28610d2ee') in 0.008172 seconds 
========================================================================
Received Import Request.
  Time since last request: 21.802409 seconds.
  path: Assets/sprites/directionSpriteUp.png
  artifactKey: Guid(43cdab14b7fb45e499120b2a4787cd0a) Importer(815301076,1909f56bfc062723c751e8b465ee728b)
Start importing Assets/sprites/directionSpriteUp.png using Guid(43cdab14b7fb45e499120b2a4787cd0a) Importer(815301076,1909f56bfc062723c751e8b465ee728b)  -> (artifact id: '857ba6283df54d9330ae03e3191aed2e') in 0.094587 seconds 
========================================================================
Received Import Request.
  Time since last request: 0.769411 seconds.
  path: Assets/scriptes/Player_Controller.cs
  artifactKey: Guid(0303abadaca184d4dae806dbca15bbad) Importer(815301076,1909f56bfc062723c751e8b465ee728b)
Start importing Assets/scriptes/Player_Controller.cs using Guid(0303abadaca184d4dae806dbca15bbad) Importer(815301076,1909f56bfc062723c751e8b465ee728b)  -> (artifact id: '19e63d4787a3f0d1da60294c532a5632') in 0.005261 seconds 
========================================================================
Received Import Request.
  Time since last request: 1.049005 seconds.
  path: Assets/scriptes/CharacterController2D.cs
  artifactKey: Guid(f740cf2ad63dbd34a9751164835858e7) Importer(815301076,1909f56bfc062723c751e8b465ee728b)
Start importing Assets/scriptes/CharacterController2D.cs using Guid(f740cf2ad63dbd34a9751164835858e7) Importer(815301076,1909f56bfc062723c751e8b465ee728b)  -> (artifact id: '918d1d6714566ca7474bffe02e1b5618') in 0.007104 seconds 
========================================================================
Received Import Request.
  Time since last request: 0.547236 seconds.
  path: Assets/Scenes
  artifactKey: Guid(ccfe9a7a901942a4b810e931b82dae96) Importer(815301076,1909f56bfc062723c751e8b465ee728b)
Start importing Assets/Scenes using Guid(ccfe9a7a901942a4b810e931b82dae96) Importer(815301076,1909f56bfc062723c751e8b465ee728b)  -> (artifact id: '095b6a8b3ba4eda50844ecd0f19ff6e7') in 0.008008 seconds 
========================================================================
Received Import Request.
  Time since last request: 0.553716 seconds.
  path: Assets/Scenes/SampleScene.unity
  artifactKey: Guid(2cda990e2423bbf4892e6590ba056729) Importer(815301076,1909f56bfc062723c751e8b465ee728b)
Start importing Assets/Scenes/SampleScene.unity using Guid(2cda990e2423bbf4892e6590ba056729) Importer(815301076,1909f56bfc062723c751e8b465ee728b)  -> (artifact id: '73ed1cfb0c3bd965b33feb976e194890') in 0.007514 seconds 
========================================================================
Received Import Request.
  Time since last request: 0.695251 seconds.
  path: Assets/Input/calss_platformer.inputactions
  artifactKey: Guid(82b7c73e4ff60c841a40c77523a77d29) Importer(815301076,1909f56bfc062723c751e8b465ee728b)
Start importing Assets/Input/calss_platformer.inputactions using Guid(82b7c73e4ff60c841a40c77523a77d29) Importer(815301076,1909f56bfc062723c751e8b465ee728b)  -> (artifact id: 'a8f8f2a4f984fe0c2cd5bf15f0468a10') in 0.017097 seconds 
========================================================================
Received Import Request.
  Time since last request: 44.105660 seconds.
  path: Assets/Input/calss_platformer.inputactions
  artifactKey: Guid(82b7c73e4ff60c841a40c77523a77d29) Importer(2089858483,934ff659095e30574adcf32a4c2f97b5)
Start importing Assets/Input/calss_platformer.inputactions using Guid(82b7c73e4ff60c841a40c77523a77d29) Importer(2089858483,934ff659095e30574adcf32a4c2f97b5)  -> (artifact id: 'fbf05873e82a8b316deec302b5488319') in 0.070185 seconds 
========================================================================
Received Import Request.
  Time since last request: 0.000181 seconds.
  path: Assets/scriptes/Player_Controller.cs
  artifactKey: Guid(0303abadaca184d4dae806dbca15bbad) Importer(2089858483,934ff659095e30574adcf32a4c2f97b5)
Start importing Assets/scriptes/Player_Controller.cs using Guid(0303abadaca184d4dae806dbca15bbad) Importer(2089858483,934ff659095e30574adcf32a4c2f97b5)  -> (artifact id: 'd10ab9067592bd291e88ad50609c5988') in 0.009580 seconds 
========================================================================
Received Import Request.
  Time since last request: 0.000243 seconds.
  path: Assets/scriptes/GloabalType.cs
  artifactKey: Guid(769fef4bd3831e74dac2ce56c63f4b6b) Importer(2089858483,934ff659095e30574adcf32a4c2f97b5)
Start importing Assets/scriptes/GloabalType.cs using Guid(769fef4bd3831e74dac2ce56c63f4b6b) Importer(2089858483,934ff659095e30574adcf32a4c2f97b5)  -> (artifact id: 'c12aee4f4ed0596f826feacb7174b4fb') in 0.011858 seconds 
========================================================================
Received Import Request.
  Time since last request: 0.000182 seconds.
  path: Assets/scriptes/CharacterController2D.cs
  artifactKey: Guid(f740cf2ad63dbd34a9751164835858e7) Importer(2089858483,934ff659095e30574adcf32a4c2f97b5)
Start importing Assets/scriptes/CharacterController2D.cs using Guid(f740cf2ad63dbd34a9751164835858e7) Importer(2089858483,934ff659095e30574adcf32a4c2f97b5)  -> (artifact id: 'ff8fbd5c9d077a76e905c2b5378a0085') in 0.008792 seconds 
========================================================================
Received Import Request.
  Time since last request: 0.000246 seconds.
  path: Assets/sprites/directionSpriteUp.png
  artifactKey: Guid(43cdab14b7fb45e499120b2a4787cd0a) Importer(2089858483,934ff659095e30574adcf32a4c2f97b5)
Start importing Assets/sprites/directionSpriteUp.png using Guid(43cdab14b7fb45e499120b2a4787cd0a) Importer(2089858483,934ff659095e30574adcf32a4c2f97b5)  -> (artifact id: '9ee083b6a510ec8916ca764e9e523346') in 0.012258 seconds 
========================================================================
Received Import Request.
  Time since last request: 0.000243 seconds.
  path: Assets/URP/UniversalRenderPipelineAsset.asset
  artifactKey: Guid(699daeecf0aa99f4fb27f90c8c4ad0e9) Importer(2089858483,934ff659095e30574adcf32a4c2f97b5)
Start importing Assets/URP/UniversalRenderPipelineAsset.asset using Guid(699daeecf0aa99f4fb27f90c8c4ad0e9) Importer(2089858483,934ff659095e30574adcf32a4c2f97b5)  -> (artifact id: '8a85013c6e9ed986ec28e7bc1c551413') in 0.015678 seconds 
========================================================================
Received Import Request.
  Time since last request: 0.000221 seconds.
  path: Assets/URP/UniversalRenderPipelineAsset_Renderer.asset
  artifactKey: Guid(9a47316fdbb5fa547a8f7e9c7783c1db) Importer(2089858483,934ff659095e30574adcf32a4c2f97b5)
Start importing Assets/URP/UniversalRenderPipelineAsset_Renderer.asset using Guid(9a47316fdbb5fa547a8f7e9c7783c1db) Importer(2089858483,934ff659095e30574adcf32a4c2f97b5)  -> (artifact id: 'ad99eb2e12d52d112a6064935a0cd75d') in 0.010089 seconds 
========================================================================
Received Import Request.
  Time since last request: 0.000297 seconds.
  path: Assets/Scenes/SampleScene.unity
  artifactKey: Guid(2cda990e2423bbf4892e6590ba056729) Importer(2089858483,934ff659095e30574adcf32a4c2f97b5)
Start importing Assets/Scenes/SampleScene.unity using Guid(2cda990e2423bbf4892e6590ba056729) Importer(2089858483,934ff659095e30574adcf32a4c2f97b5)  -> (artifact id: '86050e56c795357aa67480f5f47ad053') in 0.009625 seconds 
========================================================================
Received Prepare
Registering precompiled user dll's ...
Registered in 0.014258 seconds.
Begin MonoManager ReloadAssembly
Symbol file LoadedFromMemory doesn't match image C:\Users\user\Documents\Class_platformer\calss_platformer\Library\PackageCache\com.unity.visualscripting@1.6.1\Editor\VisualScripting.Core\Dependencies\YamlDotNet\Unity.VisualScripting.YamlDotNet.dll
Symbol file LoadedFromMemory doesn't match image C:\Users\user\Documents\Class_platformer\calss_platformer\Library\PackageCache\com.unity.visualscripting@1.6.1\Editor\VisualScripting.Core\Dependencies\DotNetZip\Unity.VisualScripting.IonicZip.dll
Native extension for WindowsStandalone target not found
Refreshing native plugins compatible for Editor in 2.43 ms, found 2 plugins.
Preloading 0 native plugins for Editor in 0.00 ms.
Mono: successfully reloaded assembly
- Completed reload, in  4.104 seconds
Platform modules already initialized, skipping
Shader 'Universal Render Pipeline/Particles/Lit': fallback shader 'Universal Render Pipeline/Particles/SimpleLit' not found
Refreshing native plugins compatible for Editor in 1.79 ms, found 2 plugins.
Preloading 0 native plugins for Editor in 0.00 ms.
Unloading 4719 Unused Serialized files (Serialized files now loaded: 0)
System memory in use before: 181.0 MB.
System memory in use after: 181.1 MB.

Unloading 18 unused Assets to reduce memory usage. Loaded Objects now: 5272.
Total: 12.618500 ms (FindLiveObjects: 0.856600 ms CreateObjectMapping: 0.497800 ms MarkObjects: 9.967600 ms  DeleteObjects: 1.293500 ms)

AssetImportWorkerClient::OnTransportError - code=2 error=End of file
